# JRE version: OpenJDK Runtime Environment (11.0.2+9) (build 11.0.2+9)
# Java VM: OpenJDK 64-Bit Server VM (11.0.2+9, mixed mode, tiered, compressed oops, g1 gc, windows-amd64)
Heap:
 garbage-first heap   total 48128K, used 21226K [0x00000000e0400000, 0x0000000100000000)
  region size 1024K, 5 young (5120K), 2 survivors (2048K)
 Metaspace       used 42847K, capacity 44159K, committed 44240K, reserved 1095680K
  class space    used 5553K, capacity 6100K, committed 6144K, reserved 1048576K
GC Heap History (10 events):
Event: 11.370 GC heap before
{Heap before GC invocations=21 (full 0):
 garbage-first heap   total 48128K, used 31375K [0x00000000e0400000, 0x0000000100000000)
  region size 1024K, 16 young (16384K), 1 survivors (1024K)
 Metaspace       used 35234K, capacity 36537K, committed 36816K, reserved 1081344K
  class space    used 4538K, capacity 5074K, committed 5120K, reserved 1048576K
}
Event: 11.372 GC heap after
{Heap after GC invocations=22 (full 0):
 garbage-first heap   total 48128K, used 16985K [0x00000000e0400000, 0x0000000100000000)
  region size 1024K, 1 young (1024K), 1 survivors (1024K)
 Metaspace       used 35234K, capacity 36537K, committed 36816K, reserved 1081344K
  class space    used 4538K, capacity 5074K, committed 5120K, reserved 1048576K
}
Event: 11.406 GC heap before
{Heap before GC invocations=22 (full 0):
 garbage-first heap   total 48128K, used 32345K [0x00000000e0400000, 0x0000000100000000)
  region size 1024K, 17 young (17408K), 1 survivors (1024K)
 Metaspace       used 35307K, capacity 36601K, committed 36816K, reserved 1081344K
  class space    used 4544K, capacity 5074K, committed 5120K, reserved 1048576K
}
Event: 11.407 GC heap after
{Heap after GC invocations=23 (full 0):
 garbage-first heap   total 48128K, used 16852K [0x00000000e0400000, 0x0000000100000000)
  region size 1024K, 1 young (1024K), 1 survivors (1024K)
 Metaspace       used 35307K, capacity 36601K, committed 36816K, reserved 1081344K
  class space    used 4544K, capacity 5074K, committed 5120K, reserved 1048576K
}
Event: 11.801 GC heap before
{Heap before GC invocations=23 (full 0):
 garbage-first heap   total 48128K, used 32212K [0x00000000e0400000, 0x0000000100000000)
  region size 1024K, 17 young (17408K), 1 survivors (1024K)
 Metaspace       used 38100K, capacity 39488K, committed 39632K, reserved 1083392K
  class space    used 4807K, capacity 5355K, committed 5376K, reserved 1048576K
}
Event: 11.805 GC heap after
{Heap after GC invocations=24 (full 0):
 garbage-first heap   total 48128K, used 18081K [0x00000000e0400000, 0x0000000100000000)
  region size 1024K, 2 young (2048K), 2 survivors (2048K)
 Metaspace       used 38100K, capacity 39488K, committed 39632K, reserved 1083392K
  class space    used 4807K, capacity 5355K, committed 5376K, reserved 1048576K
}
Event: 12.272 GC heap before
{Heap before GC invocations=24 (full 0):
 garbage-first heap   total 48128K, used 34465K [0x00000000e0400000, 0x0000000100000000)
  region size 1024K, 18 young (18432K), 2 survivors (2048K)
 Metaspace       used 40666K, capacity 41990K, committed 42320K, reserved 1085440K
  class space    used 5108K, capacity 5634K, committed 5760K, reserved 1048576K
}
Event: 12.278 GC heap after
{Heap after GC invocations=25 (full 0):
 garbage-first heap   total 48128K, used 18987K [0x00000000e0400000, 0x0000000100000000)
  region size 1024K, 3 young (3072K), 3 survivors (3072K)
 Metaspace       used 40666K, capacity 41990K, committed 42320K, reserved 1085440K
  class space    used 5108K, capacity 5634K, committed 5760K, reserved 1048576K
}
Event: 12.568 GC heap before
{Heap before GC invocations=25 (full 0):
 garbage-first heap   total 48128K, used 31275K [0x00000000e0400000, 0x0000000100000000)
  region size 1024K, 16 young (16384K), 3 survivors (3072K)
 Metaspace       used 42519K, capacity 43862K, committed 44112K, reserved 1087488K
  class space    used 5472K, capacity 6001K, committed 6016K, reserved 1048576K
}
Event: 12.577 GC heap after
{Heap after GC invocations=26 (full 0):
 garbage-first heap   total 48128K, used 19178K [0x00000000e0400000, 0x0000000100000000)
  region size 1024K, 2 young (2048K), 2 survivors (2048K)
 Metaspace       used 42519K, capacity 43862K, committed 44112K, reserved 1087488K
  class space    used 5472K, capacity 6001K, committed 6016K, reserved 1048576K
}

