# JRE version: OpenJDK Runtime Environment (11.0.2+9) (build 11.0.2+9)
# Java VM: OpenJDK 64-Bit Server VM (11.0.2+9, mixed mode, tiered, compressed oops, g1 gc, windows-amd64)
Heap:
 garbage-first heap   total 58368K, used 21930K [0x00000000e0400000, 0x0000000100000000)
  region size 1024K, 3 young (3072K), 3 survivors (3072K)
 Metaspace       used 50821K, capacity 52223K, committed 52304K, reserved 1107968K
  class space    used 6671K, capacity 7229K, committed 7296K, reserved 1048576K
GC Heap History (10 events):
Event: 13.209 GC heap before
{Heap before GC invocations=26 (full 0):
 garbage-first heap   total 48128K, used 36579K [0x00000000e0400000, 0x0000000100000000)
  region size 1024K, 21 young (21504K), 2 survivors (2048K)
 Metaspace       used 40158K, capacity 41488K, committed 41680K, reserved 1085440K
  class space    used 5041K, capacity 5574K, committed 5632K, reserved 1048576K
}
Event: 13.217 GC heap after
{Heap after GC invocations=27 (full 0):
 garbage-first heap   total 48128K, used 19446K [0x00000000e0400000, 0x0000000100000000)
  region size 1024K, 3 young (3072K), 3 survivors (3072K)
 Metaspace       used 40158K, capacity 41488K, committed 41680K, reserved 1085440K
  class space    used 5041K, capacity 5574K, committed 5632K, reserved 1048576K
}
Event: 14.307 GC heap before
{Heap before GC invocations=27 (full 0):
 garbage-first heap   total 48128K, used 37878K [0x00000000e0400000, 0x0000000100000000)
  region size 1024K, 21 young (21504K), 3 survivors (3072K)
 Metaspace       used 43008K, capacity 44390K, committed 44496K, reserved 1087488K
  class space    used 5578K, capacity 6135K, committed 6144K, reserved 1048576K
}
Event: 14.318 GC heap after
{Heap after GC invocations=28 (full 0):
 garbage-first heap   total 48128K, used 20239K [0x00000000e0400000, 0x0000000100000000)
  region size 1024K, 3 young (3072K), 3 survivors (3072K)
 Metaspace       used 43008K, capacity 44390K, committed 44496K, reserved 1087488K
  class space    used 5578K, capacity 6135K, committed 6144K, reserved 1048576K
}
Event: 15.620 GC heap before
{Heap before GC invocations=28 (full 0):
 garbage-first heap   total 48128K, used 37647K [0x00000000e0400000, 0x0000000100000000)
  region size 1024K, 20 young (20480K), 3 survivors (3072K)
 Metaspace       used 45989K, capacity 47374K, committed 47440K, reserved 1089536K
  class space    used 5935K, capacity 6468K, committed 6528K, reserved 1048576K
}
Event: 15.631 GC heap after
{Heap after GC invocations=29 (full 0):
 garbage-first heap   total 58368K, used 20887K [0x00000000e0400000, 0x0000000100000000)
  region size 1024K, 2 young (2048K), 2 survivors (2048K)
 Metaspace       used 45989K, capacity 47374K, committed 47440K, reserved 1089536K
  class space    used 5935K, capacity 6468K, committed 6528K, reserved 1048576K
}
Event: 17.463 GC heap before
{Heap before GC invocations=29 (full 0):
 garbage-first heap   total 58368K, used 43415K [0x00000000e0400000, 0x0000000100000000)
  region size 1024K, 24 young (24576K), 2 survivors (2048K)
 Metaspace       used 49651K, capacity 51091K, committed 51280K, reserved 1095680K
  class space    used 6460K, capacity 7002K, committed 7040K, reserved 1048576K
}
Event: 17.472 GC heap after
{Heap after GC invocations=30 (full 0):
 garbage-first heap   total 58368K, used 21479K [0x00000000e0400000, 0x0000000100000000)
  region size 1024K, 2 young (2048K), 2 survivors (2048K)
 Metaspace       used 49651K, capacity 51091K, committed 51280K, reserved 1095680K
  class space    used 6460K, capacity 7002K, committed 7040K, reserved 1048576K
}
Event: 18.067 GC heap before
{Heap before GC invocations=30 (full 0):
 garbage-first heap   total 58368K, used 29671K [0x00000000e0400000, 0x0000000100000000)
  region size 1024K, 11 young (11264K), 2 survivors (2048K)
 Metaspace       used 50821K, capacity 52223K, committed 52304K, reserved 1105920K
  class space    used 6671K, capacity 7229K, committed 7296K, reserved 1048576K
}
Event: 18.075 GC heap after
{Heap after GC invocations=31 (full 0):
 garbage-first heap   total 58368K, used 21930K [0x00000000e0400000, 0x0000000100000000)
  region size 1024K, 3 young (3072K), 3 survivors (3072K)
 Metaspace       used 50821K, capacity 52223K, committed 52304K, reserved 1105920K
  class space    used 6671K, capacity 7229K, committed 7296K, reserved 1048576K
}

